[DEBUG][2019-07-31 21:02|:10][org.apache.ibatis.logging.LogFactory]Logging initialized using 'class org.apache.ibatis.logging.slf4j.Slf4jImpl' adapter.
[DEBUG][2019-07-31 21:02|:10][org.apache.ibatis.logging.LogFactory]Logging initialized using 'class org.apache.ibatis.logging.log4j.Log4jImpl' adapter.
[DEBUG][2019-07-31 21:02|:10][org.apache.ibatis.datasource.pooled.PooledDataSource]PooledDataSource forcefully closed/removed all connections.
[DEBUG][2019-07-31 21:02|:10][org.apache.ibatis.datasource.pooled.PooledDataSource]PooledDataSource forcefully closed/removed all connections.
[DEBUG][2019-07-31 21:02|:10][org.apache.ibatis.datasource.pooled.PooledDataSource]PooledDataSource forcefully closed/removed all connections.
[DEBUG][2019-07-31 21:02|:10][org.apache.ibatis.datasource.pooled.PooledDataSource]PooledDataSource forcefully closed/removed all connections.
[DEBUG][2019-07-31 21:02|:10][org.apache.ibatis.datasource.pooled.PooledDataSource]Created connection 891095110.
[DEBUG][2019-07-31 21:02|:10][org.apache.ibatis.datasource.pooled.PooledDataSource]Returned connection 891095110 to pool.
[DEBUG][2019-07-31 21:02|:11][org.apache.ibatis.transaction.jdbc.JdbcTransaction]Opening JDBC Connection
[DEBUG][2019-07-31 21:02|:11][org.apache.ibatis.datasource.pooled.PooledDataSource]Checked out connection 891095110 from pool.
[DEBUG][2019-07-31 21:02|:11][org.apache.ibatis.transaction.jdbc.JdbcTransaction]Setting autocommit to false on JDBC Connection [com.mysql.cj.jdbc.ConnectionImpl@351d0846]
[DEBUG][2019-07-31 21:02|:11][com.cwh.mybatis.dao.EmployeeMapper.getEmpById]==>  Preparing: select * from table_employee /*id,last_name as lastName,gender,email*/ where id = ? 
[DEBUG][2019-07-31 21:02|:11][com.cwh.mybatis.dao.EmployeeMapper.getEmpById]==> Parameters: 1(Integer)
[DEBUG][2019-07-31 21:02|:11][com.cwh.mybatis.dao.EmployeeMapper.getEmpById]<==      Total: 1
[DEBUG][2019-07-31 21:02|:11][org.apache.ibatis.transaction.jdbc.JdbcTransaction]Resetting autocommit to true on JDBC Connection [com.mysql.cj.jdbc.ConnectionImpl@351d0846]
[DEBUG][2019-07-31 21:02|:11][org.apache.ibatis.transaction.jdbc.JdbcTransaction]Closing JDBC Connection [com.mysql.cj.jdbc.ConnectionImpl@351d0846]
[DEBUG][2019-07-31 21:02|:11][org.apache.ibatis.datasource.pooled.PooledDataSource]Returned connection 891095110 to pool.
[DEBUG][2019-07-31 21:02|:11][org.apache.ibatis.transaction.jdbc.JdbcTransaction]Opening JDBC Connection
[DEBUG][2019-07-31 21:02|:11][org.apache.ibatis.datasource.pooled.PooledDataSource]Checked out connection 891095110 from pool.
[DEBUG][2019-07-31 21:02|:11][org.apache.ibatis.transaction.jdbc.JdbcTransaction]Setting autocommit to false on JDBC Connection [com.mysql.cj.jdbc.ConnectionImpl@351d0846]
[DEBUG][2019-07-31 21:02|:11][com.cwh.mybatis.dao.EmployeeMapper.getEmpById]==>  Preparing: select * from table_employee /*id,last_name as lastName,gender,email*/ where id = ? 
[DEBUG][2019-07-31 21:02|:11][com.cwh.mybatis.dao.EmployeeMapper.getEmpById]==> Parameters: 1(Integer)
[DEBUG][2019-07-31 21:02|:11][com.cwh.mybatis.dao.EmployeeMapper.getEmpById]<==      Total: 1
[DEBUG][2019-07-31 21:02|:11][org.apache.ibatis.transaction.jdbc.JdbcTransaction]Resetting autocommit to true on JDBC Connection [com.mysql.cj.jdbc.ConnectionImpl@351d0846]
[DEBUG][2019-07-31 21:02|:11][org.apache.ibatis.transaction.jdbc.JdbcTransaction]Closing JDBC Connection [com.mysql.cj.jdbc.ConnectionImpl@351d0846]
[DEBUG][2019-07-31 21:02|:11][org.apache.ibatis.datasource.pooled.PooledDataSource]Returned connection 891095110 to pool.
[DEBUG][2019-07-31 21:03|:08][org.apache.ibatis.logging.LogFactory]Logging initialized using 'class org.apache.ibatis.logging.slf4j.Slf4jImpl' adapter.
[DEBUG][2019-07-31 21:03|:08][org.apache.ibatis.logging.LogFactory]Logging initialized using 'class org.apache.ibatis.logging.log4j.Log4jImpl' adapter.
[DEBUG][2019-07-31 21:03|:08][org.apache.ibatis.datasource.pooled.PooledDataSource]PooledDataSource forcefully closed/removed all connections.
[DEBUG][2019-07-31 21:03|:08][org.apache.ibatis.datasource.pooled.PooledDataSource]PooledDataSource forcefully closed/removed all connections.
[DEBUG][2019-07-31 21:03|:08][org.apache.ibatis.datasource.pooled.PooledDataSource]PooledDataSource forcefully closed/removed all connections.
[DEBUG][2019-07-31 21:03|:08][org.apache.ibatis.datasource.pooled.PooledDataSource]PooledDataSource forcefully closed/removed all connections.
[DEBUG][2019-07-31 21:03|:08][org.apache.ibatis.datasource.pooled.PooledDataSource]Created connection 891095110.
[DEBUG][2019-07-31 21:03|:08][org.apache.ibatis.datasource.pooled.PooledDataSource]Returned connection 891095110 to pool.
[DEBUG][2019-07-31 21:03|:08][org.apache.ibatis.transaction.jdbc.JdbcTransaction]Opening JDBC Connection
[DEBUG][2019-07-31 21:03|:08][org.apache.ibatis.datasource.pooled.PooledDataSource]Checked out connection 891095110 from pool.
[DEBUG][2019-07-31 21:03|:08][org.apache.ibatis.transaction.jdbc.JdbcTransaction]Setting autocommit to false on JDBC Connection [com.mysql.cj.jdbc.ConnectionImpl@351d0846]
[DEBUG][2019-07-31 21:03|:08][com.cwh.mybatis.dao.EmployeeMapper.getEmpById]==>  Preparing: select * from table_employee /*id,last_name as lastName,gender,email*/ where id = ? 
[DEBUG][2019-07-31 21:03|:08][com.cwh.mybatis.dao.EmployeeMapper.getEmpById]==> Parameters: 1(Integer)
[DEBUG][2019-07-31 21:03|:09][com.cwh.mybatis.dao.EmployeeMapper.getEmpById]<==      Total: 1
[DEBUG][2019-07-31 21:03|:09][org.apache.ibatis.transaction.jdbc.JdbcTransaction]Resetting autocommit to true on JDBC Connection [com.mysql.cj.jdbc.ConnectionImpl@351d0846]
[DEBUG][2019-07-31 21:03|:09][org.apache.ibatis.transaction.jdbc.JdbcTransaction]Closing JDBC Connection [com.mysql.cj.jdbc.ConnectionImpl@351d0846]
[DEBUG][2019-07-31 21:03|:09][org.apache.ibatis.datasource.pooled.PooledDataSource]Returned connection 891095110 to pool.
[DEBUG][2019-07-31 21:03|:09][org.apache.ibatis.transaction.jdbc.JdbcTransaction]Opening JDBC Connection
[DEBUG][2019-07-31 21:03|:09][org.apache.ibatis.datasource.pooled.PooledDataSource]Checked out connection 891095110 from pool.
[DEBUG][2019-07-31 21:03|:09][org.apache.ibatis.transaction.jdbc.JdbcTransaction]Setting autocommit to false on JDBC Connection [com.mysql.cj.jdbc.ConnectionImpl@351d0846]
[DEBUG][2019-07-31 21:03|:09][com.cwh.mybatis.dao.EmployeeMapper.getEmpById]==>  Preparing: select * from table_employee /*id,last_name as lastName,gender,email*/ where id = ? 
[DEBUG][2019-07-31 21:03|:09][com.cwh.mybatis.dao.EmployeeMapper.getEmpById]==> Parameters: 1(Integer)
[DEBUG][2019-07-31 21:03|:09][com.cwh.mybatis.dao.EmployeeMapper.getEmpById]<==      Total: 1
[DEBUG][2019-07-31 21:03|:09][org.apache.ibatis.transaction.jdbc.JdbcTransaction]Resetting autocommit to true on JDBC Connection [com.mysql.cj.jdbc.ConnectionImpl@351d0846]
[DEBUG][2019-07-31 21:03|:09][org.apache.ibatis.transaction.jdbc.JdbcTransaction]Closing JDBC Connection [com.mysql.cj.jdbc.ConnectionImpl@351d0846]
[DEBUG][2019-07-31 21:03|:09][org.apache.ibatis.datasource.pooled.PooledDataSource]Returned connection 891095110 to pool.
